<?xml version="1.0" encoding="UTF-8"?>
<!-- Generated by org.testng.reporters.JUnitReportReporter -->
<testsuite skipped="0" hostname="DESKTOP-PPOJAC7" name="co.edu.icesi.ci.talleres.BusDelegateTest" tests="1" failures="0" timestamp="26 nov 2019 16:24:58 GMT" time="0.052" errors="0">
  <testcase name="crearBusTest" time="0.052" classname="co.edu.icesi.ci.talleres.BusDelegateTest"/>
</testsuite> <!-- co.edu.icesi.ci.talleres.BusDelegateTest -->
